/*
  x = 208827064576 / 9;
  x = x / 60;
  x = x / 60;
  x = x / 24;
  x = x / 365;
  x --> 735 yers for bruteforcer password 8 small symbols ASCII;
*/

[DEBUG] compile date and time:   Jul 11 2024, 03:13:58
[DEBUG] global memory allocated: 16777288 byte
[DEBUG] global memory pointer:   0xb6f4e010
[DEBUG] input filename:      data.dat
[DEBUG] output filename:     data.dat.en
[DEBUG] keyfile or password: password
[DEBUG] cipher: AES
[DEBUG] block cipher mode of operation: CFB
[DEBUG] key length: 256 bist
[DEBUG] operation: Encrypt
[DEBUG] temp memory allocated: 32 byte
[DEBUG] temp memory pointer: 0x94691c0
[DEBUG] size struct for sha256sum function: 140 byte
[DEBUG] sha256sum struct create in pointer: 0x94691f0
[DEBUG] pointer of key matrix memory: 0x94693c0
[DEBUG] size of key matrix memory byte: 1312
[DEBUG] make crypt key count iteration: 1235987
[DEBUG] make crypt key time: 0.1218 seconds
[DEBUG] hash matrix for key generation:
8C 66 5A BC CD 26 AB 0F 21 AC 3E EA 9D 6A 15 48
F8 35 7D 21 DD 85 CC 7A 7B E4 23 47 2F EC 5A FF
CF 1A AA 2D 94 85 55 04 DC 31 30 A2 0A C9 A4 26
B7 1B FA FD B8 4E 18 88 DF F3 02 4A 9C BA 3C CA
1D DC 31 37 1B 12 EA DF BE 2E EE 1D 92 D0 D0 71
15 9A 95 23 A2 7E 5D A1 9C 7C F2 F0 8A BB B8 00
D5 66 38 82 91 E0 5F A4 17 CD 8B 44 BD 6B AA 3B
0A 04 1E 3B AD 16 19 09 93 FC AD 2F 72 39 38 70
20 24 C6 BC 00 50 F3 C6 EB A9 DB 5F 8E 7B A9 5A
6B 66 BA 29 4D C6 DB 7A 8B F5 40 B0 FD D1 59 FD
38 47 C3 D2 02 FC 26 8C 0F 7C 3C 2A CE D4 50 F2
86 57 A0 F3 05 58 65 61 64 F8 47 DF 13 A8 93 DC
CD 14 45 44 05 70 5E DA ED DE 97 2E 12 61 CB 81
27 6D 53 16 C5 FB 90 B4 65 7C 7C FD 18 E9 E0 F7
F3 15 BE 26 23 97 6B 78 E7 C5 EA 37 C8 14 CB F1
85 FE 60 D1 6F 8C 82 6C F7 90 23 0F 5B 43 01 83
2C A2 8C AB B7 E5 64 CA 36 D6 53 75 FF C1 52 9A
0C E0 28 17 C4 99 E9 1C 99 F6 3F 2F AF 79 B9 FA
AD BF E7 15 31 43 78 E9 E3 5F 0E C4 3B AF 8E FB
3D F4 2D BD 90 F0 5D FB 1E EF E1 45 A4 3F B6 CD
F3 EC E6 AB CA 6F 24 C0 A5 12 2B 79 0A 5E 08 5C
57 9B F7 8E D1 5D B6 86 3F 51 B3 79 4C 09 5D BA
2A 29 E9 0D 1A C1 AB F2 90 51 6C 26 D6 0A 33 5B
BF 3E D7 1C 64 A3 F0 A9 A8 47 D3 0D 38 D9 FD 9D
EA 8E 28 2A 07 F1 2C 10 39 6B BA D3 42 DD 91 91
87 AB C9 35 C4 18 32 99 FD CF BC 18 A8 E4 92 04
ED FE 52 73 2E 5C BE C1 86 59 C6 A8 67 A7 90 4C
C6 00 D0 7E 89 36 FB 38 AD BF 14 BF 12 8E 04 76
80 71 1A 2B 6D F4 01 B6 24 41 D1 ED 6E 9B 87 E3
58 93 4E FD F5 AF CC 4F EF C3 73 CE 6E 4C F1 E9
EE C4 26 3C 66 C0 49 D3 8E FE F7 0E C9 B3 6A C6
D4 41 33 FA 47 3F 2B F7 59 DF 37 A3 29 73 4E 34
3A 66 23 86 D7 F5 D2 9F 11 07 93 E5 0F 82 05 0E
FE 21 57 DE D2 73 55 E1 DE DA EF 94 63 03 99 20
54 8E C3 4E B0 27 E7 28 8F CC 5C FA 68 75 3D 8F
64 72 3C 9A A2 24 2E 9E 77 E9 15 D3 A1 11 81 02
FC 05 87 B2 93 D1 B1 D8 8B 2D A6 AA 41 8D 02 D4
2E 95 83 B0 CA A4 4E A7 02 64 88 7C 07 AD 6E 63
7B F0 79 1C 3F 9C AF F5 7F 9C 74 88 48 21 B3 B9
95 52 00 41 31 57 1E 4E 0B A5 12 E8 B6 C5 D4 19
F7 2C 6F 21 08 94 24 80 AF 87 2E 67 23 03 26 18
D1 8D 4E E7 EC EA 18 69 D2 7A 5C DB 19 E6 EE 7B
4F 23 3E C0 94 8B 59 C0 C5 B9 D1 63 04 75 41 56
39 3C E4 19 DB D2 9D CE 30 A5 6A F0 60 7C 10 68
B7 F6 63 9A 00 25 6C 2D C3 22 C6 45 4E 4B 39 9A
69 C0 2F 41 3B 52 DF 4C C4 CB 0B 03 9D 3E 99 73
D0 BB F0 E3 55 20 07 98 DC 60 3E 0B F4 31 BE DF
19 52 26 E3 61 EF 07 DC B1 B0 C4 39 29 CF 79 4C
A6 EC E6 D5 E4 4D 4D 84 A8 00 6B 7B 3F 9E B0 07
90 F0 E2 D2 B5 87 D0 69 A9 4F 8B 22 5D 37 3A 74
3C 3A 9B A2 B7 B1 DE 44 7C 85 6B A3 97 B4 91 0B
16 AC DE 19 95 95 AB FA 34 59 52 27 C1 DD E5 81
73 E0 A3 7F 5E 74 10 2F 3A 95 C6 A3 4C BC F5 40
BF 7C FC 9D 0F 1B 32 B0 87 58 7B C4 90 38 2D 32
4E 2C 57 26 3B 3F 8A 42 45 24 B3 CE 12 01 8F FA
7D DA 40 CA D0 82 23 0C 82 01 36 A5 9E 33 7B 2A
63 1B F1 C2 11 06 7E 6B 86 0E 3D 8B 00 20 B6 0A
39 60 F7 CA 21 A6 9A 67 35 BD 68 DC 94 65 8E 17
74 88 CF CB 2C FC 11 0C 34 A5 A6 80 F7 2A 65 19
F2 17 75 DE 89 4F A3 98 8F E7 0B E1 FD 68 1C FB
CF 19 BA D6 AB 03 E9 43 67 49 20 44 12 F1 F2 28
02 4C F9 4D 9B F4 DD 48 9D 49 82 F0 49 BE A9 C6
56 CF EE 9D 28 14 0A 88 C6 DE 1A 1F C7 CD 20 15
DE AE 9E 0F 36 98 5E E4 E7 0C 64 71 8B 19 AF D3
9D 78 2E 87 65 D1 72 6E E5 2F 03 CA 7C 54 92 B8
4B 90 60 28 0B C7 45 C7 49 6E 8C 72 69 A0 76 2C
B5 F6 DD 3A 05 B9 84 C9 C4 0C 99 CB 7E 87 82 FB
7C 1E 1E 1E 7A 54 AC B2 C1 9B F4 A1 7A 40 37 59
3E DA 00 91 09 4C E7 CD 74 15 A1 D5 54 60 92 62
AC 77 BB 60 5A 97 F0 31 5F 90 DA 06 90 51 16 16
6F 9E 0F E1 7F CD A2 A2 18 C7 5B 20 82 D0 E9 56
68 95 3E 86 5E 46 D1 77 A1 7D 21 56 A0 75 3E A5
23 91 C7 A0 22 6E 15 FB EA 61 57 B7 36 F8 30 19
B6 7B 09 6C 9D FB 37 D7 D7 DD 51 2E 74 27 75 41
3D 5F 27 D0 D1 02 02 EB EA ED 68 C0 64 EA 09 94
08 17 C1 BC 54 4C 13 C3 99 6E 0C 39 29 F0 68 DF
4B 6D 5F A3 FA 5C E5 2C BD 37 34 DC A9 B2 0F 79
AE 43 A8 1A 26 15 C3 21 24 62 32 69 87 BB F8 6F
4D 08 82 C9 2D 23 06 75 F7 AF 22 0F D5 61 52 7F
25 6E 6D A6 F1 AA C6 66 C7 E0 7F BF C7 01 5E 48
C5 BF C1 69 3C 7F 20 34 07 F5 77 92 C2 18 CE 50
50 00 8D D8 53 A9 60 6C 70 18 40 50 86 B2 C6 4C

[#] Crypt key read from command line!
[#] Key length 256-bits initialized!
[DEBUG] key or password length: 8 byte
[DEBUG] key generator write data in pointer: 0x94691c0
[DEBUG] real crypt key data:
EF ED A1 FC F4 8D 80 8E EC 9B 36 07 61 2F 88 29
DD FC DF B0 4F 56 D0 DF 36 72 BE 7F A2 F1 7B AC

[DEBUG] stack_trash[0]: 6e9623e2
[DEBUG] stack_trash[1]: 8115140
[#] Algoritm AES initialized!
[DEBUG] allocate byte for cipher struct: 240
[DEBUG] real data cipher struct:
FC A1 ED EF 8E 80 8D F4 07 36 9B EC 29 88 2F 61
B0 DF FC DD DF D0 56 4F 7F BE 72 36 AC 7B F1 A2
C6 30 CC 4F 48 B0 41 BB 4F 86 DA 57 66 0E F5 36
83 74 1A D8 5C A4 4C 97 23 1A 3E A1 8F 61 CF 03
BD 43 23 C7 F5 F3 62 7C BA 75 B8 2B DC 7B 4D 1D
05 55 F9 7C 59 F1 B5 EB 7A EB 8B 4A F5 8A 44 49
86 A5 5D D8 73 56 3F A4 C9 23 87 8F 15 58 CA 92
5C 3F 8D 33 05 CE 38 D8 7F 25 B3 92 8A AF F7 DB
3F DB 24 B8 4C 8D 1B 1C 85 AE 9C 93 90 F6 56 01
3C 7D 3C 4F 39 B3 04 97 46 96 B7 05 CC 39 40 DE
22 90 36 A1 6E 1D 2D BD EB B3 B1 2E 7B 45 E7 2F
1D 13 A8 5A 24 A0 AC CD 62 36 1B C8 AE 0F 5B 16
65 74 40 B8 0B 69 6D 05 E0 DA DC 2B 9B 9F 3B 04
09 C8 4A A8 2D 68 E6 65 4F 5E FD AD E1 51 A6 BB
8F 8C 91 DC 84 E5 FC D9 64 3F 20 F2 FF A0 1B F6

[#] Operation Encrypt file "data.dat" started!
[DEBUG] size of file: 104267776 byte
[DEBUG] vector memory allocated: 16 byte
[DEBUG] vector memory pointer: 0x94693c0
[DEBUG] vector generator write data in pointer: 0x94693c0
[DEBUG] vector real data:
59 4A 70 97 50 E2 22 84 40 95 A1 9C C8 1F AF 01

 >  Encrypt [#########################] (99.44 MiB/99.44 MiB) 100 %  
[DEBUG] real sha-2-256 hash sum file: data.dat
A7 9E 87 CC ED 4A 16 15 C5 0C FA 05 38 3D 20 B4
18 96 F4 6D 57 2C 9D 65 F0 FE 2B DB FF 95 77 9E

[DEBUG] authentification key 'U':
BA B8 F4 A9 A1 D8 D5 DB B9 CE 63 52 34 7A DD 7C
88 A9 8A E5 1A 03 85 8A 63 27 EB 2A F7 A4 2E F9

[DEBUG] authentification key 'f':
89 8B C7 9A 92 EB E6 E8 8A FD 50 61 07 49 EE 4F
BB 9A B9 D6 29 30 B6 B9 50 14 D8 19 C4 97 1D CA

[DEBUG] real hmac input filename: data.dat
F8 EE 30 FA 11 2B F9 C8 82 67 75 08 18 9F 55 5A
55 22 44 E7 E6 7F 57 15 43 EF C8 65 45 98 18 61

[#] Encrypt file "data.dat" complete!
